<?xml version="1.0" encoding="UTF-8"?>
<testsuites name="login" time="11.283" tests="1" failures="0" errors="0">
   <testsuite name="login" tests="1" failures="0" errors="0" time="11.283" timestamp="2020-04-14 08:53:57" hostname="Citra Sandrauli - DESKTOP-IUT9I9T" id="Test Suites/Login/login">
      <properties>
         <property name="deviceName" value=""/>
         <property name="devicePlatform" value=""/>
         <property name="logFolder" value="F:\\NDS\\Reports\\20200414_085355\\Login\\login\\20200414_085355"/>
         <property name="logFiles" value="F:\\NDS\\Reports\\20200414_085355\\Login\\login\\20200414_085355\\execution0.log"/>
         <property name="attachments" value=""/>
         <property name="hostName" value="Citra Sandrauli - DESKTOP-IUT9I9T"/>
         <property name="os" value="Windows 10 64bit"/>
         <property name="katalonVersion" value="7.3.0.1"/>
         <property name="browser" value="Chrome 81.0.4044.92"/>
         <property name="hostAddress" value="192.168.139.90"/>
         <property name="sessionId" value="8949002e1274d6466528847ca626386d"/>
         <property name="seleniumVersion" value="3.141.59"/>
         <property name="proxyInformation" value="ProxyInformation{proxyOption=NO_PROXY, proxyServerType=HTTP, password=, proxyServerAddress=, proxyServerPort=0, executionList=}"/>
         <property name="platform" value="Windows 10"/>
      </properties>
      <testcase name="Test Cases/login" time="10.163" classname="Test Cases/login" status="PASSED">
         <system-out><![CDATA[2020-04-14 08:53:58 - [TEST_CASE][PASSED] - Test Cases/login: Test Cases/login]]></system-out>
         <system-err><![CDATA[]]></system-err>
      </testcase>
      <system-out><![CDATA[2020-04-14 08:53:57 - [TEST_SUITE][PASSED] - login: Test Cases/login]]></system-out>
      <system-err><![CDATA[]]></system-err>
   </testsuite>
</testsuites>
