<?xml version="1.0" encoding="UTF-8"?>
<testsuites name="TS-SearchByNoID(Variation)" time="66.714" tests="1" failures="0" errors="0">
   <testsuite name="TS-SearchByNoID(Variation)" tests="1" failures="0" errors="0" time="66.714" timestamp="2020-04-17 22:21:30" hostname="Citra Sandrauli - DESKTOP-IUT9I9T" id="Test Suites/SearchCustomer/TS-SearchByNoID(Variation)">
      <properties>
         <property name="deviceName" value=""/>
         <property name="devicePlatform" value=""/>
         <property name="logFolder" value="F:\\NDS\\Reports\\20200417_222127\\SearchCustomer\\TS-SearchByNoID(Variation)\\20200417_222127"/>
         <property name="logFiles" value="F:\\NDS\\Reports\\20200417_222127\\SearchCustomer\\TS-SearchByNoID(Variation)\\20200417_222127\\execution0.log"/>
         <property name="attachments" value=""/>
         <property name="hostName" value="Citra Sandrauli - DESKTOP-IUT9I9T"/>
         <property name="os" value="Windows 10 64bit"/>
         <property name="katalonVersion" value="7.3.0.1"/>
         <property name="browser" value="Chrome 81.0.4044.113"/>
         <property name="hostAddress" value="192.168.139.90"/>
         <property name="sessionId" value="8e85513dc4a488bf836f5347eda97c95"/>
         <property name="seleniumVersion" value="3.141.59"/>
         <property name="proxyInformation" value="ProxyInformation{proxyOption=NO_PROXY, proxyServerType=HTTP, password=, proxyServerAddress=, proxyServerPort=0, executionList=}"/>
         <property name="platform" value="Windows 10"/>
      </properties>
      <testcase name="Test Cases/SearchCustomerBDD/SearchByNoID/TC08-SearchByID_Variation" time="65.857" classname="Test Cases/SearchCustomerBDD/SearchByNoID/TC08-SearchByID_Variation" status="PASSED">
         <system-out><![CDATA[2020-04-17 22:21:30 - [TEST_CASE][PASSED] - Test Cases/SearchCustomerBDD/SearchByNoID/TC08-SearchByID_Variation: Test Cases/SearchCustomerBDD/SearchByNoID/TC08-SearchByID_Variation]]></system-out>
         <system-err><![CDATA[]]></system-err>
      </testcase>
      <system-out><![CDATA[2020-04-17 22:21:30 - [TEST_SUITE][PASSED] - TS-SearchByNoID(Variation): Test Cases/SearchCustomerBDD/SearchByNoID/TC08-SearchByID_Variation]]></system-out>
      <system-err><![CDATA[]]></system-err>
   </testsuite>
</testsuites>
