<?xml version="1.0" encoding="UTF-8"?>
<testsuites name="TS-DataDetailSearchCIF" time="61.698" tests="1" failures="0" errors="0">
   <testsuite name="TS-DataDetailSearchCIF" tests="1" failures="0" errors="0" time="61.698" timestamp="2020-04-23 11:38:46" hostname="Citra Sandrauli - DESKTOP-IUT9I9T" id="Test Suites/SearchCustomer/TS-DataDetailSearchCIF">
      <properties>
         <property name="deviceName" value=""/>
         <property name="devicePlatform" value=""/>
         <property name="logFolder" value="F:\\NDS\\Reports\\20200423_113843\\SearchCustomer\\TS-DataDetailSearchCIF\\20200423_113843"/>
         <property name="logFiles" value="F:\\NDS\\Reports\\20200423_113843\\SearchCustomer\\TS-DataDetailSearchCIF\\20200423_113843\\execution0.log"/>
         <property name="attachments" value=""/>
         <property name="hostName" value="Citra Sandrauli - DESKTOP-IUT9I9T"/>
         <property name="os" value="Windows 10 64bit"/>
         <property name="katalonVersion" value="7.3.0.1"/>
         <property name="browser" value="Chrome 81.0.4044.122"/>
         <property name="hostAddress" value="192.168.139.90"/>
         <property name="sessionId" value="3f0fcd4a8b5315aedfb9da09c12beb30"/>
         <property name="seleniumVersion" value="3.141.59"/>
         <property name="proxyInformation" value="ProxyInformation{proxyOption=NO_PROXY, proxyServerType=HTTP, password=, proxyServerAddress=, proxyServerPort=0, executionList=}"/>
         <property name="platform" value="Windows 10"/>
      </properties>
      <testcase name="Test Cases/SearchCustomerBDD/DataDetailSearchCIF/DataDetalSearchCIF" time="61.019" classname="Test Cases/SearchCustomerBDD/DataDetailSearchCIF/DataDetalSearchCIF" status="PASSED">
         <system-out><![CDATA[2020-04-23 11:38:46 - [TEST_CASE][PASSED] - Test Cases/SearchCustomerBDD/DataDetailSearchCIF/DataDetalSearchCIF: Test Cases/SearchCustomerBDD/DataDetailSearchCIF/DataDetalSearchCIF]]></system-out>
         <system-err><![CDATA[]]></system-err>
      </testcase>
      <system-out><![CDATA[2020-04-23 11:38:46 - [TEST_SUITE][PASSED] - TS-DataDetailSearchCIF: Test Cases/SearchCustomerBDD/DataDetailSearchCIF/DataDetalSearchCIF]]></system-out>
      <system-err><![CDATA[]]></system-err>
   </testsuite>
</testsuites>
