<?xml version="1.0" encoding="UTF-8"?>
<testsuites name="TS-SearchByNorek(Variation)" time="27.23" tests="1" failures="0" errors="0">
   <testsuite name="TS-SearchByNorek(Variation)" tests="1" failures="0" errors="0" time="27.23" timestamp="2020-04-17 22:15:21" hostname="Citra Sandrauli - DESKTOP-IUT9I9T" id="Test Suites/SearchCustomer/TS-SearchByNorek(Variation)">
      <properties>
         <property name="deviceName" value=""/>
         <property name="devicePlatform" value=""/>
         <property name="logFolder" value="F:\\NDS\\Reports\\20200417_221519\\SearchCustomer\\TS-SearchByNorek(Variation)\\20200417_221519"/>
         <property name="logFiles" value="F:\\NDS\\Reports\\20200417_221519\\SearchCustomer\\TS-SearchByNorek(Variation)\\20200417_221519\\execution0.log"/>
         <property name="attachments" value=""/>
         <property name="hostName" value="Citra Sandrauli - DESKTOP-IUT9I9T"/>
         <property name="os" value="Windows 10 64bit"/>
         <property name="katalonVersion" value="7.3.0.1"/>
         <property name="browser" value="Chrome 81.0.4044.113"/>
         <property name="hostAddress" value="192.168.139.90"/>
         <property name="sessionId" value="9805c434cff501a806a1de00c7655bc6"/>
         <property name="seleniumVersion" value="3.141.59"/>
         <property name="proxyInformation" value="ProxyInformation{proxyOption=NO_PROXY, proxyServerType=HTTP, password=, proxyServerAddress=, proxyServerPort=0, executionList=}"/>
         <property name="platform" value="Windows 10"/>
      </properties>
      <testcase name="Test Cases/SearchCustomerBDD/SearchByNorek/TC06-SearchByNorek(Variation)" time="25.718" classname="Test Cases/SearchCustomerBDD/SearchByNorek/TC06-SearchByNorek(Variation)" status="PASSED">
         <system-out><![CDATA[2020-04-17 22:15:22 - [TEST_CASE][PASSED] - Test Cases/SearchCustomerBDD/SearchByNorek/TC06-SearchByNorek(Variation): Test Cases/SearchCustomerBDD/SearchByNorek/TC06-SearchByNorek(Variation)]]></system-out>
         <system-err><![CDATA[]]></system-err>
      </testcase>
      <system-out><![CDATA[2020-04-17 22:15:21 - [TEST_SUITE][PASSED] - TS-SearchByNorek(Variation): Test Cases/SearchCustomerBDD/SearchByNorek/TC06-SearchByNorek(Variation)]]></system-out>
      <system-err><![CDATA[]]></system-err>
   </testsuite>
</testsuites>
