<?xml version="1.0" encoding="UTF-8"?>
<testsuites name="TS-SearchByCIF(Variation)" time="117.282" tests="1" failures="0" errors="0">
   <testsuite name="TS-SearchByCIF(Variation)" tests="1" failures="0" errors="0" time="117.282" timestamp="2020-04-17 22:24:15" hostname="Citra Sandrauli - DESKTOP-IUT9I9T" id="Test Suites/SearchCustomer/TS-SearchByCIF(Variation)">
      <properties>
         <property name="deviceName" value=""/>
         <property name="devicePlatform" value=""/>
         <property name="logFolder" value="F:\\NDS\\Reports\\20200417_222412\\SearchCustomer\\TS-SearchByCIF(Variation)\\20200417_222412"/>
         <property name="logFiles" value="F:\\NDS\\Reports\\20200417_222412\\SearchCustomer\\TS-SearchByCIF(Variation)\\20200417_222412\\execution0.log"/>
         <property name="attachments" value=""/>
         <property name="hostName" value="Citra Sandrauli - DESKTOP-IUT9I9T"/>
         <property name="os" value="Windows 10 64bit"/>
         <property name="katalonVersion" value="7.3.0.1"/>
         <property name="browser" value="Chrome 81.0.4044.113"/>
         <property name="hostAddress" value="192.168.139.90"/>
         <property name="sessionId" value="9925922c18de2d5cfd5f62539c1f4590"/>
         <property name="seleniumVersion" value="3.141.59"/>
         <property name="proxyInformation" value="ProxyInformation{proxyOption=NO_PROXY, proxyServerType=HTTP, password=, proxyServerAddress=, proxyServerPort=0, executionList=}"/>
         <property name="platform" value="Windows 10"/>
      </properties>
      <testcase name="Test Cases/SearchCustomerBDD/SearchByCIF/TC02-SearchByCIF_Variation" time="116.323" classname="Test Cases/SearchCustomerBDD/SearchByCIF/TC02-SearchByCIF_Variation" status="PASSED">
         <system-out><![CDATA[2020-04-17 22:24:15 - [TEST_CASE][PASSED] - Test Cases/SearchCustomerBDD/SearchByCIF/TC02-SearchByCIF_Variation: Test Cases/SearchCustomerBDD/SearchByCIF/TC02-SearchByCIF_Variation]]></system-out>
         <system-err><![CDATA[]]></system-err>
      </testcase>
      <system-out><![CDATA[2020-04-17 22:24:15 - [TEST_SUITE][PASSED] - TS-SearchByCIF(Variation): Test Cases/SearchCustomerBDD/SearchByCIF/TC02-SearchByCIF_Variation]]></system-out>
      <system-err><![CDATA[]]></system-err>
   </testsuite>
</testsuites>
