<?xml version="1.0" encoding="UTF-8"?>
<testsuites name="TS-SearchByNameTglLahir" time="51.166" tests="1" failures="0" errors="0">
   <testsuite name="TS-SearchByNameTglLahir" tests="1" failures="0" errors="0" time="51.166" timestamp="2020-04-17 23:15:43" hostname="Citra Sandrauli - DESKTOP-IUT9I9T" id="Test Suites/SearchCustomer/TS-SearchByNameTglLahir">
      <properties>
         <property name="deviceName" value=""/>
         <property name="devicePlatform" value=""/>
         <property name="logFolder" value="F:\\NDS\\Reports\\20200417_231541\\SearchCustomer\\TS-SearchByNameTglLahir\\20200417_231541"/>
         <property name="logFiles" value="F:\\NDS\\Reports\\20200417_231541\\SearchCustomer\\TS-SearchByNameTglLahir\\20200417_231541\\execution0.log"/>
         <property name="attachments" value=""/>
         <property name="hostName" value="Citra Sandrauli - DESKTOP-IUT9I9T"/>
         <property name="os" value="Windows 10 64bit"/>
         <property name="katalonVersion" value="7.3.0.1"/>
         <property name="browser" value="Chrome 81.0.4044.113"/>
         <property name="hostAddress" value="192.168.139.90"/>
         <property name="sessionId" value="f868e8851829cbc0660b8de626c1873d"/>
         <property name="seleniumVersion" value="3.141.59"/>
         <property name="proxyInformation" value="ProxyInformation{proxyOption=NO_PROXY, proxyServerType=HTTP, password=, proxyServerAddress=, proxyServerPort=0, executionList=}"/>
         <property name="platform" value="Windows 10"/>
      </properties>
      <testcase name="Test Cases/SearchCustomerBDD/SearchByName_TglLahir/TC03-SearchByNama_TglLahir" time="50.587" classname="Test Cases/SearchCustomerBDD/SearchByName_TglLahir/TC03-SearchByNama_TglLahir" status="PASSED">
         <system-out><![CDATA[2020-04-17 23:15:44 - [TEST_CASE][PASSED] - Test Cases/SearchCustomerBDD/SearchByName_TglLahir/TC03-SearchByNama_TglLahir: Test Cases/SearchCustomerBDD/SearchByName_TglLahir/TC03-SearchByNama_TglLahir]]></system-out>
         <system-err><![CDATA[]]></system-err>
      </testcase>
      <system-out><![CDATA[2020-04-17 23:15:43 - [TEST_SUITE][PASSED] - TS-SearchByNameTglLahir: Test Cases/SearchCustomerBDD/SearchByName_TglLahir/TC03-SearchByNama_TglLahir]]></system-out>
      <system-err><![CDATA[]]></system-err>
   </testsuite>
</testsuites>
